2025-04-26 10:40:35 [main] INFO  BaseTest - Starting Webdriver
2025-04-26 10:40:38 [main] INFO  BaseTest - Open OrangeHRM WebSite 
2025-04-26 10:40:41 [main] INFO  BaseTest - Closing the browser
2025-04-26 10:43:24 [main] INFO  BaseTest - Starting Webdriver
2025-04-26 10:43:26 [main] INFO  BaseTest - Open OrangeHRM WebSite 
2025-04-26 10:43:29 [main] INFO  BaseTest - Closing the browser
2025-04-26 11:32:25 [main] INFO  BaseTest - Starting Webdriver
2025-04-26 11:32:27 [main] INFO  BaseTest - Open OrangeHRM WebSite 
2025-04-26 11:32:30 [main] INFO  BaseTest - Closing the browser
2025-04-26 11:36:15 [main] INFO  BaseTest - Starting Webdriver
2025-04-26 11:36:16 [main] INFO  BaseTest - Open OrangeHRM WebSite 
2025-04-26 11:36:20 [main] INFO  BaseTest - Closing the browser
2025-04-26 23:01:18 [main] INFO  BaseTest - Starting Webdriver
2025-04-26 23:01:21 [main] INFO  BaseTest - Open OrangeHRM WebSite 
2025-04-26 23:01:24 [main] INFO  BaseTest - Closing the browser
2025-04-26 23:04:28 [main] INFO  BaseTest - Starting Webdriver
2025-04-26 23:04:29 [main] INFO  BaseTest - Open OrangeHRM WebSite 
2025-04-26 23:04:33 [main] INFO  BaseTest - Closing the browser
2025-04-26 23:15:51 [main] INFO  BaseTest - Starting Webdriver
2025-04-26 23:15:53 [main] INFO  BaseTest - Open OrangeHRM WebSite 
2025-04-26 23:15:57 [main] INFO  BaseTest - Closing the browser
2025-04-26 23:18:25 [main] INFO  BaseTest - Starting Webdriver
2025-04-26 23:18:26 [main] INFO  BaseTest - Open OrangeHRM WebSite 
2025-04-26 23:18:30 [main] INFO  BaseTest - Closing the browser
2025-04-26 23:19:40 [main] INFO  BaseTest - Starting Webdriver
2025-04-26 23:19:42 [main] INFO  BaseTest - Open OrangeHRM WebSite 
2025-04-26 23:19:45 [main] INFO  BaseTest - Closing the browser
2025-04-27 08:56:32 [main] INFO  BaseTest - Starting Webdriver
2025-04-27 08:56:34 [main] INFO  BaseTest - Open OrangeHRM WebSite 
2025-04-27 08:56:38 [main] INFO  BaseTest - Closing the browser
2025-04-27 08:57:58 [main] INFO  BaseTest - Starting Webdriver
2025-04-27 08:58:00 [main] INFO  BaseTest - Open OrangeHRM WebSite 
2025-04-27 08:58:03 [main] INFO  BaseTest - Closing the browser
2025-04-27 09:00:51 [main] INFO  BaseTest - Starting Webdriver
2025-04-27 09:00:53 [main] INFO  BaseTest - Open OrangeHRM WebSite 
2025-04-27 09:00:56 [main] INFO  BaseTest - Closing the browser
2025-04-27 09:08:11 [main] INFO  BaseTest - Starting Webdriver
2025-04-27 09:08:13 [main] INFO  BaseTest - Open OrangeHRM WebSite 
2025-04-27 09:08:17 [main] INFO  BaseTest - Closing the browser
2025-04-27 09:11:45 [main] INFO  BaseTest - Starting Webdriver
2025-04-27 09:11:47 [main] INFO  BaseTest - Open OrangeHRM WebSite 
2025-04-27 09:11:50 [main] INFO  BaseTest - Closing the browser
2025-04-27 09:13:10 [main] INFO  BaseTest - Starting Webdriver
2025-04-27 09:13:11 [main] INFO  BaseTest - Open OrangeHRM WebSite 
2025-04-27 09:13:14 [main] INFO  BaseTest - Closing the browser
2025-04-27 09:14:09 [main] INFO  BaseTest - Starting Webdriver
2025-04-27 09:14:11 [main] INFO  BaseTest - Open OrangeHRM WebSite 
2025-04-27 09:14:14 [main] INFO  BaseTest - Closing the browser
2025-04-27 09:18:31 [main] INFO  BaseTest - Starting Webdriver
2025-04-27 09:18:32 [main] INFO  BaseTest - Open OrangeHRM WebSite 
2025-04-27 09:18:36 [main] INFO  BaseTest - Closing the browser
2025-04-27 09:43:24 [main] INFO  BaseTest - Starting Webdriver
2025-04-27 09:43:25 [main] INFO  BaseTest - Open OrangeHRM WebSite 
2025-04-27 09:43:28 [main] INFO  BaseTest - Closing the browser
2025-04-27 09:51:36 [main] INFO  BaseTest - Starting Webdriver
2025-04-27 09:51:38 [main] INFO  BaseTest - Open OrangeHRM WebSite 
2025-04-27 09:51:41 [main] INFO  BaseTest - Closing the browser
2025-04-27 09:52:32 [main] INFO  BaseTest - Starting Webdriver
2025-04-27 09:52:34 [main] INFO  BaseTest - Open OrangeHRM WebSite 
2025-04-27 09:52:37 [main] INFO  BaseTest - Closing the browser
2025-04-27 09:53:17 [main] INFO  BaseTest - Starting Webdriver
2025-04-27 09:53:19 [main] INFO  BaseTest - Open OrangeHRM WebSite 
2025-04-27 09:53:22 [main] INFO  BaseTest - Closing the browser
2025-04-27 09:53:51 [main] INFO  BaseTest - Starting Webdriver
2025-04-27 09:53:52 [main] INFO  BaseTest - Open OrangeHRM WebSite 
2025-04-27 09:53:56 [main] INFO  BaseTest - Closing the browser
2025-04-27 09:54:10 [main] INFO  BaseTest - Starting Webdriver
2025-04-27 09:54:12 [main] INFO  BaseTest - Open OrangeHRM WebSite 
2025-04-27 09:54:15 [main] INFO  BaseTest - Closing the browser
2025-04-27 09:58:15 [main] INFO  BaseTest - Starting Webdriver
2025-04-27 09:58:17 [main] INFO  BaseTest - Open OrangeHRM WebSite 
2025-04-27 09:58:21 [main] INFO  BaseTest - Closing the browser
2025-04-27 10:02:31 [main] INFO  BaseTest - Starting Webdriver
2025-04-27 10:02:33 [main] INFO  BaseTest - Open OrangeHRM WebSite 
2025-04-27 10:02:36 [main] INFO  BaseTest - Closing the browser
2025-04-27 10:35:02 [main] INFO  BaseTest - Starting Webdriver
2025-04-27 10:35:04 [main] INFO  BaseTest - Open OrangeHRM WebSite 
2025-04-27 10:35:08 [main] INFO  BaseTest - Closing the browser
2025-04-27 10:36:34 [main] INFO  BaseTest - Starting Webdriver
2025-04-27 10:36:36 [main] INFO  BaseTest - Open OrangeHRM WebSite 
2025-04-27 10:36:39 [main] INFO  fileActions - Reading the data Chaitanya is a Automation Tester
2025-04-27 10:36:39 [main] INFO  BaseTest - Closing the browser
2025-04-29 08:26:38 [main] INFO  prop - File got created succesfully under the given path C:\Java-Selenium-TestNG-Framework\src\main\java\Utils1\config.properties
2025-05-22 11:52:46 [main] INFO  writeProp - File got created succesfully under the given path C:\Java-Selenium-TestNG-Framework\src\main\java\Utils1\config.properties
